components/myComponents/subs/cart-client.tsx(61,11): error TS2451: Cannot redeclare block-scoped variable 'items'.
components/myComponents/subs/cart-client.tsx(61,18): error TS2451: Cannot redeclare block-scoped variable 'removeItem'.
components/myComponents/subs/cart-client.tsx(61,30): error TS2451: Cannot redeclare block-scoped variable 'clearCart'.
components/myComponents/subs/cart-client.tsx(61,41): error TS2451: Cannot redeclare block-scoped variable 'subtotal'.
components/myComponents/subs/cart-client.tsx(61,51): error TS2451: Cannot redeclare block-scoped variable 'updateQuantity'.
components/myComponents/subs/cart-client.tsx(61,67): error TS2451: Cannot redeclare block-scoped variable 'itemCount'.
components/myComponents/subs/cart-client.tsx(62,11): error TS2451: Cannot redeclare block-scoped variable 'user'.
components/myComponents/subs/cart-client.tsx(62,17): error TS2451: Cannot redeclare block-scoped variable 'setUser'.
components/myComponents/subs/cart-client.tsx(62,26): error TS2451: Cannot redeclare block-scoped variable 'checkoutData'.
components/myComponents/subs/cart-client.tsx(62,40): error TS2451: Cannot redeclare block-scoped variable 'setCheckoutData'.
components/myComponents/subs/cart-client.tsx(80,11): error TS2451: Cannot redeclare block-scoped variable 'items'.
components/myComponents/subs/cart-client.tsx(80,18): error TS2451: Cannot redeclare block-scoped variable 'removeItem'.
components/myComponents/subs/cart-client.tsx(80,30): error TS2451: Cannot redeclare block-scoped variable 'clearCart'.
components/myComponents/subs/cart-client.tsx(80,41): error TS2451: Cannot redeclare block-scoped variable 'subtotal'.
components/myComponents/subs/cart-client.tsx(80,51): error TS2451: Cannot redeclare block-scoped variable 'updateQuantity'.
components/myComponents/subs/cart-client.tsx(80,67): error TS2451: Cannot redeclare block-scoped variable 'itemCount'.
components/myComponents/subs/cart-client.tsx(81,11): error TS2451: Cannot redeclare block-scoped variable 'user'.
components/myComponents/subs/cart-client.tsx(81,17): error TS2451: Cannot redeclare block-scoped variable 'setUser'.
components/myComponents/subs/cart-client.tsx(81,26): error TS2451: Cannot redeclare block-scoped variable 'checkoutData'.
components/myComponents/subs/cart-client.tsx(81,40): error TS2451: Cannot redeclare block-scoped variable 'setCheckoutData'.
